<?xml version="1.0" encoding="UTF-8"?>
<testsuite name="com.bridgelabz.iplanalysertest.IPLAnalyserTest" tests="1" skipped="0" failures="1" errors="0" timestamp="2020-07-09T18:09:37" hostname="LAPTOP-GT6OG951" time="0.209">
  <properties/>
  <testcase name="givenIPLCensusCSVFile_WhenSorted_Should_Returns_sortedBattingAvg" classname="com.bridgelabz.iplanalysertest.IPLAnalyserTest" time="0.209">
    <failure message="org.junit.ComparisonFailure: expected:&lt;MS Dhon[]&gt; but was:&lt;MS Dhon[i]&gt;" type="org.junit.ComparisonFailure">org.junit.ComparisonFailure: expected:&lt;MS Dhon[]&gt; but was:&lt;MS Dhon[i]&gt;
	at org.junit.Assert.assertEquals(Assert.java:115)
	at org.junit.Assert.assertEquals(Assert.java:144)
	at com.bridgelabz.iplanalysertest.IPLAnalyserTest.givenIPLCensusCSVFile_WhenSorted_Should_Returns_sortedBattingAvg(IPLAnalyserTest.java:34)
	at java.base/jdk.internal.reflect.NativeMethodAccessorImpl.invoke0(Native Method)
	at java.base/jdk.internal.reflect.NativeMethodAccessorImpl.invoke(NativeMethodAccessorImpl.java:62)
	at java.base/jdk.internal.reflect.DelegatingMethodAccessorImpl.invoke(DelegatingMethodAccessorImpl.java:43)
	at java.base/java.lang.reflect.Method.invoke(Method.java:567)
	at org.junit.runners.model.FrameworkMethod$1.runReflectiveCall(FrameworkMethod.java:50)
	at org.junit.internal.runners.model.ReflectiveCallable.run(ReflectiveCallable.java:12)
	at org.junit.runners.model.FrameworkMethod.invokeExplosively(FrameworkMethod.java:47)
	at org.junit.internal.runners.statements.InvokeMethod.evaluate(InvokeMethod.java:17)
	at org.junit.runners.ParentRunner.runLeaf(ParentRunner.java:325)
	at org.junit.runners.BlockJUnit4ClassRunner.runChild(BlockJUnit4ClassRunner.java:78)
	at org.junit.runners.BlockJUnit4ClassRunner.runChild(BlockJUnit4ClassRunner.java:57)
	at org.junit.runners.ParentRunner$3.run(ParentRunner.java:290)
	at org.junit.runners.ParentRunner$1.schedule(ParentRunner.java:71)
	at org.junit.runners.ParentRunner.runChildren(ParentRunner.java:288)
	at org.junit.runners.ParentRunner.access$000(ParentRunner.java:58)
	at org.junit.runners.ParentRunner$2.evaluate(ParentRunner.java:268)
	at org.junit.runners.ParentRunner.run(ParentRunner.java:363)
	at org.gradle.api.internal.tasks.testing.junit.JUnitTestClassExecutor.runTestClass(JUnitTestClassExecutor.java:110)
	at org.gradle.api.internal.tasks.testing.junit.JUnitTestClassExecutor.execute(JUnitTestClassExecutor.java:58)
	at org.gradle.api.internal.tasks.testing.junit.JUnitTestClassExecutor.execute(JUnitTestClassExecutor.java:38)
	at org.gradle.api.internal.tasks.testing.junit.AbstractJUnitTestClassProcessor.processTestClass(AbstractJUnitTestClassProcessor.java:62)
	at org.gradle.api.internal.tasks.testing.SuiteTestClassProcessor.processTestClass(SuiteTestClassProcessor.java:51)
	at java.base/jdk.internal.reflect.NativeMethodAccessorImpl.invoke0(Native Method)
	at java.base/jdk.internal.reflect.NativeMethodAccessorImpl.invoke(NativeMethodAccessorImpl.java:62)
	at java.base/jdk.internal.reflect.DelegatingMethodAccessorImpl.invoke(DelegatingMethodAccessorImpl.java:43)
	at java.base/java.lang.reflect.Method.invoke(Method.java:567)
	at org.gradle.internal.dispatch.ReflectionDispatch.dispatch(ReflectionDispatch.java:36)
	at org.gradle.internal.dispatch.ReflectionDispatch.dispatch(ReflectionDispatch.java:24)
	at org.gradle.internal.dispatch.ContextClassLoaderDispatch.dispatch(ContextClassLoaderDispatch.java:33)
	at org.gradle.internal.dispatch.ProxyDispatchAdapter$DispatchingInvocationHandler.invoke(ProxyDispatchAdapter.java:94)
	at com.sun.proxy.$Proxy2.processTestClass(Unknown Source)
	at org.gradle.api.internal.tasks.testing.worker.TestWorker.processTestClass(TestWorker.java:118)
	at java.base/jdk.internal.reflect.NativeMethodAccessorImpl.invoke0(Native Method)
	at java.base/jdk.internal.reflect.NativeMethodAccessorImpl.invoke(NativeMethodAccessorImpl.java:62)
	at java.base/jdk.internal.reflect.DelegatingMethodAccessorImpl.invoke(DelegatingMethodAccessorImpl.java:43)
	at java.base/java.lang.reflect.Method.invoke(Method.java:567)
	at org.gradle.internal.dispatch.ReflectionDispatch.dispatch(ReflectionDispatch.java:36)
	at org.gradle.internal.dispatch.ReflectionDispatch.dispatch(ReflectionDispatch.java:24)
	at org.gradle.internal.remote.internal.hub.MessageHubBackedObjectConnection$DispatchWrapper.dispatch(MessageHubBackedObjectConnection.java:182)
	at org.gradle.internal.remote.internal.hub.MessageHubBackedObjectConnection$DispatchWrapper.dispatch(MessageHubBackedObjectConnection.java:164)
	at org.gradle.internal.remote.internal.hub.MessageHub$Handler.run(MessageHub.java:412)
	at org.gradle.internal.concurrent.ExecutorPolicy$CatchAndRecordFailures.onExecute(ExecutorPolicy.java:64)
	at org.gradle.internal.concurrent.ManagedExecutorImpl$1.run(ManagedExecutorImpl.java:48)
	at java.base/java.util.concurrent.ThreadPoolExecutor.runWorker(ThreadPoolExecutor.java:1128)
	at java.base/java.util.concurrent.ThreadPoolExecutor$Worker.run(ThreadPoolExecutor.java:628)
	at org.gradle.internal.concurrent.ThreadFactoryImpl$ManagedThreadRunnable.run(ThreadFactoryImpl.java:56)
	at java.base/java.lang.Thread.run(Thread.java:830)
</failure>
  </testcase>
  <system-out><![CDATA[[IndianBattingIPLCSV{, battingAvg='0.0'}, IndianBattingIPLCSV{, battingAvg='0.0'}, IndianBattingIPLCSV{, battingAvg='0.0'}, IndianBattingIPLCSV{, battingAvg='0.0'}, IndianBattingIPLCSV{, battingAvg='2.25'}, IndianBattingIPLCSV{, battingAvg='3.6'}, IndianBattingIPLCSV{, battingAvg='3.66'}, IndianBattingIPLCSV{, battingAvg='4.0'}, IndianBattingIPLCSV{, battingAvg='4.66'}, IndianBattingIPLCSV{, battingAvg='5.33'}, IndianBattingIPLCSV{, battingAvg='5.5'}, IndianBattingIPLCSV{, battingAvg='6.0'}, IndianBattingIPLCSV{, battingAvg='6.0'}, IndianBattingIPLCSV{, battingAvg='6.0'}, IndianBattingIPLCSV{, battingAvg='6.8'}, IndianBattingIPLCSV{, battingAvg='7.0'}, IndianBattingIPLCSV{, battingAvg='8.4'}, IndianBattingIPLCSV{, battingAvg='9.0'}, IndianBattingIPLCSV{, battingAvg='9.0'}, IndianBattingIPLCSV{, battingAvg='10.5'}, IndianBattingIPLCSV{, battingAvg='10.66'}, IndianBattingIPLCSV{, battingAvg='12.2'}, IndianBattingIPLCSV{, battingAvg='12.5'}, IndianBattingIPLCSV{, battingAvg='13.33'}, IndianBattingIPLCSV{, battingAvg='13.33'}, IndianBattingIPLCSV{, battingAvg='14.0'}, IndianBattingIPLCSV{, battingAvg='14.6'}, IndianBattingIPLCSV{, battingAvg='15.0'}, IndianBattingIPLCSV{, battingAvg='15.33'}, IndianBattingIPLCSV{, battingAvg='15.75'}, IndianBattingIPLCSV{, battingAvg='16.0'}, IndianBattingIPLCSV{, battingAvg='16.0'}, IndianBattingIPLCSV{, battingAvg='16.0'}, IndianBattingIPLCSV{, battingAvg='16.63'}, IndianBattingIPLCSV{, battingAvg='16.83'}, IndianBattingIPLCSV{, battingAvg='17.2'}, IndianBattingIPLCSV{, battingAvg='17.87'}, IndianBattingIPLCSV{, battingAvg='18.0'}, IndianBattingIPLCSV{, battingAvg='18.0'}, IndianBattingIPLCSV{, battingAvg='18.33'}, IndianBattingIPLCSV{, battingAvg='18.4'}, IndianBattingIPLCSV{, battingAvg='18.5'}, IndianBattingIPLCSV{, battingAvg='19.0'}, IndianBattingIPLCSV{, battingAvg='19.16'}, IndianBattingIPLCSV{, battingAvg='20.33'}, IndianBattingIPLCSV{, battingAvg='20.5'}, IndianBattingIPLCSV{, battingAvg='21.0'}, IndianBattingIPLCSV{, battingAvg='22.06'}, IndianBattingIPLCSV{, battingAvg='22.28'}, IndianBattingIPLCSV{, battingAvg='23.33'}, IndianBattingIPLCSV{, battingAvg='23.41'}, IndianBattingIPLCSV{, battingAvg='23.5'}, IndianBattingIPLCSV{, battingAvg='23.5'}, IndianBattingIPLCSV{, battingAvg='23.66'}, IndianBattingIPLCSV{, battingAvg='23.75'}, IndianBattingIPLCSV{, battingAvg='23.93'}, IndianBattingIPLCSV{, battingAvg='24.5'}, IndianBattingIPLCSV{, battingAvg='25.53'}, IndianBattingIPLCSV{, battingAvg='26.0'}, IndianBattingIPLCSV{, battingAvg='26.62'}, IndianBattingIPLCSV{, battingAvg='26.64'}, IndianBattingIPLCSV{, battingAvg='27.0'}, IndianBattingIPLCSV{, battingAvg='27.5'}, IndianBattingIPLCSV{, battingAvg='28.0'}, IndianBattingIPLCSV{, battingAvg='28.92'}, IndianBattingIPLCSV{, battingAvg='30.86'}, IndianBattingIPLCSV{, battingAvg='31.15'}, IndianBattingIPLCSV{, battingAvg='31.33'}, IndianBattingIPLCSV{, battingAvg='31.62'}, IndianBattingIPLCSV{, battingAvg='32.0'}, IndianBattingIPLCSV{, battingAvg='32.0'}, IndianBattingIPLCSV{, battingAvg='32.0'}, IndianBattingIPLCSV{, battingAvg='32.61'}, IndianBattingIPLCSV{, battingAvg='32.66'}, IndianBattingIPLCSV{, battingAvg='32.75'}, IndianBattingIPLCSV{, battingAvg='32.88'}, IndianBattingIPLCSV{, battingAvg='33.14'}, IndianBattingIPLCSV{, battingAvg='33.5'}, IndianBattingIPLCSV{, battingAvg='34.2'}, IndianBattingIPLCSV{, battingAvg='34.4'}, IndianBattingIPLCSV{, battingAvg='34.73'}, IndianBattingIPLCSV{, battingAvg='34.87'}, IndianBattingIPLCSV{, battingAvg='35.26'}, IndianBattingIPLCSV{, battingAvg='35.33'}, IndianBattingIPLCSV{, battingAvg='36.0'}, IndianBattingIPLCSV{, battingAvg='37.53'}, IndianBattingIPLCSV{, battingAvg='38.87'}, IndianBattingIPLCSV{, battingAvg='38.87'}, IndianBattingIPLCSV{, battingAvg='39.87'}, IndianBattingIPLCSV{, battingAvg='40.83'}, IndianBattingIPLCSV{, battingAvg='41.25'}, IndianBattingIPLCSV{, battingAvg='43.0'}, IndianBattingIPLCSV{, battingAvg='44.2'}, IndianBattingIPLCSV{, battingAvg='44.66'}, IndianBattingIPLCSV{, battingAvg='45.0'}, IndianBattingIPLCSV{, battingAvg='52.75'}, IndianBattingIPLCSV{, battingAvg='53.9'}, IndianBattingIPLCSV{, battingAvg='55.62'}, IndianBattingIPLCSV{, battingAvg='56.66'}, IndianBattingIPLCSV{, battingAvg='69.2'}, IndianBattingIPLCSV{, battingAvg='83.2'}]
[{"player":"Harpreet Brar","battingAvg":0.0},{"player":"Alzarri Joseph","battingAvg":0.0},{"player":"Ishant Sharma","battingAvg":0.0},{"player":"Tim Southee","battingAvg":0.0},{"player":"Pawan Negi","battingAvg":2.25},{"player":"Keemo Paul","battingAvg":3.6},{"player":"Mitchell McClenaghan","battingAvg":3.66},{"player":"Bhuvneshwar Kumar","battingAvg":4.0},{"player":"Kagiso Rabada","battingAvg":4.66},{"player":"Chris Morris","battingAvg":5.33},{"player":"Carlos Brathwaite","battingAvg":5.5},{"player":"Krishnappa Gowtham","battingAvg":6.0},{"player":"Kuldeep Yadav","battingAvg":6.0},{"player":"Rahul Chahar","battingAvg":6.0},{"player":"Rashid Khan","battingAvg":6.8},{"player":"Shardul Thakur","battingAvg":7.0},{"player":"Ravichandran Ashwin","battingAvg":8.4},{"player":"Ben Cutting","battingAvg":9.0},{"player":"Shakib Al Hasan","battingAvg":9.0},{"player":"Amit Mishra","battingAvg":10.5},{"player":"Deepak Hooda","battingAvg":10.66},{"player":"Akshdeep Nath","battingAvg":12.2},{"player":"Umesh Yadav","battingAvg":12.5},{"player":"Shivam Dube","battingAvg":13.33},{"player":"Yusuf Pathan","battingAvg":13.33},{"player":"Piyush Chawla","battingAvg":14.0},{"player":"Sherfane Rutherford","battingAvg":14.6},{"player":"Siddhesh Lad","battingAvg":15.0},{"player":"Colin de Grandhomme","battingAvg":15.33},{"player":"Shreyas Gopal","battingAvg":15.75},{"player":"Dwayne Bravo","battingAvg":16.0},{"player":"Evin Lewis","battingAvg":16.0},{"player":"Simran Singh","battingAvg":16.0},{"player":"Krunal Pandya","battingAvg":16.63},{"player":"Ishan Kishan","battingAvg":16.83},{"player":"Wriddhiman Saha","battingAvg":17.2},{"player":"Sunil Narine","battingAvg":17.87},{"player":"Kedar Jadhav","battingAvg":18.0},{"player":"Shimron Hetmyer","battingAvg":18.0},{"player":"Axar Patel","battingAvg":18.33},{"player":"Colin Ingram","battingAvg":18.4},{"player":"Rinku Singh","battingAvg":18.5},{"player":"Prayas Ray Barman","battingAvg":19.0},{"player":"Mohammad Nabi","battingAvg":19.16},{"player":"Vijay Shankar","battingAvg":20.33},{"player":"Ben Stokes","battingAvg":20.5},{"player":"Colin Munro","battingAvg":21.0},{"player":"Prithvi Shaw","battingAvg":22.06},{"player":"Kane Williamson","battingAvg":22.28},{"player":"Stuart Binny","battingAvg":23.33},{"player":"Shane Watson","battingAvg":23.41},{"player":"Ambati Rayudu","battingAvg":23.5},{"player":"Rahul Tripathi","battingAvg":23.5},{"player":"Liam Livingstone","battingAvg":23.66},{"player":"Sam Curran","battingAvg":23.75},{"player":"Suresh Raina","battingAvg":23.93},{"player":"Yuvraj Singh","battingAvg":24.5},{"player":"Mayank Agarwal","battingAvg":25.53},{"player":"Rahul Tewatia","battingAvg":26.0},{"player":"David Miller","battingAvg":26.62},{"player":"Parthiv Patel","battingAvg":26.64},{"player":"Martin Guptill","battingAvg":27.0},{"player":"Moeen Ali","battingAvg":27.5},{"player":"Nicholas Pooran","battingAvg":28.0},{"player":"Rohit Sharma","battingAvg":28.92},{"player":"Shreyas Iyer","battingAvg":30.86},{"player":"Chris Lynn","battingAvg":31.15},{"player":"Robin Uthappa","battingAvg":31.33},{"player":"Dinesh Karthik","battingAvg":31.62},{"player":"Riyan Parag","battingAvg":32.0},{"player":"Murali Vijay","battingAvg":32.0},{"player":"Mitchell Santner","battingAvg":32.0},{"player":"Suryakumar Yadav","battingAvg":32.61},{"player":"Gurkeerat Mann Singh","battingAvg":32.66},{"player":"Ajinkya Rahane","battingAvg":32.75},{"player":"Shubman Gill","battingAvg":32.88},{"player":"Virat Kohli","battingAvg":33.14},{"player":"Jofra Archer","battingAvg":33.5},{"player":"Sanju Samson","battingAvg":34.2},{"player":"Nitish Rana","battingAvg":34.4},{"player":"Shikhar Dhawan","battingAvg":34.73},{"player":"Kieron Pollard","battingAvg":34.87},{"player":"Quinton de Kock","battingAvg":35.26},{"player":"Ravindra Jadeja","battingAvg":35.33},{"player":"Faf du Plessis","battingAvg":36.0},{"player":"Rishabh Pant","battingAvg":37.53},{"player":"Jos Buttler","battingAvg":38.87},{"player":"Jos Buttler","battingAvg":38.87},{"player":"Steve Smith","battingAvg":39.87},{"player":"Chris Gayle","battingAvg":40.83},{"player":"Mandeep Singh","battingAvg":41.25},{"player":"Manish Pandey","battingAvg":43.0},{"player":"AB de Villiers","battingAvg":44.2},{"player":"Hardik Pandya","battingAvg":44.66},{"player":"Sarfaraz Khan","battingAvg":45.0},{"player":"Marcus Stoinis","battingAvg":52.75},{"player":"KL Rahul","battingAvg":53.9},{"player":"Jonny Bairstow","battingAvg":55.62},{"player":"Andre Russell","battingAvg":56.66},{"player":"David Warner ","battingAvg":69.2},{"player":"MS Dhoni","battingAvg":83.2}]
]]></system-out>
  <system-err><![CDATA[]]></system-err>
</testsuite>
